  Button.cpp
E:\LegendsUndying\LegendsUndyingupdated\LegendsUndyingupdated\LegendsUndying\RayLibWithGUI\Button.cpp(26,53): warning C4244: 'argument': conversion from 'float' to 'int', possible loss of data
E:\LegendsUndying\LegendsUndyingupdated\LegendsUndyingupdated\LegendsUndying\RayLibWithGUI\Button.cpp(26,37): warning C4244: 'argument': conversion from 'float' to 'int', possible loss of data
E:\LegendsUndying\LegendsUndyingupdated\LegendsUndyingupdated\LegendsUndying\RayLibWithGUI\Button.cpp(32,54): warning C4244: 'argument': conversion from 'float' to 'int', possible loss of data
E:\LegendsUndying\LegendsUndyingupdated\LegendsUndyingupdated\LegendsUndying\RayLibWithGUI\Button.cpp(32,37): warning C4244: 'argument': conversion from 'float' to 'int', possible loss of data
  Collider.cpp
E:\LegendsUndying\LegendsUndyingupdated\LegendsUndyingupdated\LegendsUndying\RayLibWithGUI\Collider.cpp(52,47): warning C4244: 'argument': conversion from 'double' to 'int', possible loss of data
E:\LegendsUndying\LegendsUndyingupdated\LegendsUndyingupdated\LegendsUndying\RayLibWithGUI\Collider.cpp(52,40): warning C4244: 'argument': conversion from 'double' to 'int', possible loss of data
E:\LegendsUndying\LegendsUndyingupdated\LegendsUndyingupdated\LegendsUndying\RayLibWithGUI\Collider.cpp(52,36): warning C4244: 'argument': conversion from 'float' to 'int', possible loss of data
E:\LegendsUndying\LegendsUndyingupdated\LegendsUndyingupdated\LegendsUndying\RayLibWithGUI\Collider.cpp(52,24): warning C4244: 'argument': conversion from 'float' to 'int', possible loss of data
  DataSaving.cpp
  Entity.cpp
E:\LegendsUndying\LegendsUndyingupdated\LegendsUndyingupdated\LegendsUndying\RayLibWithGUI\Entity.h(44,17): warning C4305: 'initializing': truncation from 'double' to 'float'
E:\LegendsUndying\LegendsUndyingupdated\LegendsUndyingupdated\LegendsUndying\RayLibWithGUI\Entity.cpp(29,50): warning C4244: 'argument': conversion from 'float' to 'int', possible loss of data
E:\LegendsUndying\LegendsUndyingupdated\LegendsUndyingupdated\LegendsUndying\RayLibWithGUI\Entity.cpp(29,35): warning C4244: 'argument': conversion from 'float' to 'int', possible loss of data
E:\LegendsUndying\LegendsUndyingupdated\LegendsUndyingupdated\LegendsUndying\RayLibWithGUI\Entity.cpp(30,65): warning C4244: 'argument': conversion from 'float' to 'int', possible loss of data
E:\LegendsUndying\LegendsUndyingupdated\LegendsUndyingupdated\LegendsUndying\RayLibWithGUI\Entity.cpp(30,53): warning C4244: 'argument': conversion from 'float' to 'int', possible loss of data
E:\LegendsUndying\LegendsUndyingupdated\LegendsUndyingupdated\LegendsUndying\RayLibWithGUI\Entity.cpp(31,56): warning C4244: 'argument': conversion from 'float' to 'int', possible loss of data
E:\LegendsUndying\LegendsUndyingupdated\LegendsUndyingupdated\LegendsUndying\RayLibWithGUI\Entity.cpp(31,44): warning C4244: 'argument': conversion from 'float' to 'int', possible loss of data
E:\LegendsUndying\LegendsUndyingupdated\LegendsUndyingupdated\LegendsUndying\RayLibWithGUI\Entity.cpp(45,8): warning C4244: '-=': conversion from 'double' to 'int', possible loss of data
  Game.cpp
E:\LegendsUndying\LegendsUndyingupdated\LegendsUndyingupdated\LegendsUndying\RayLibWithGUI\Entity.h(44,17): warning C4305: 'initializing': truncation from 'double' to 'float'
E:\LegendsUndying\LegendsUndyingupdated\LegendsUndyingupdated\LegendsUndying\RayLibWithGUI\Game.cpp(307,11): warning C4244: 'initializing': conversion from 'int' to 'float', possible loss of data
E:\LegendsUndying\LegendsUndyingupdated\LegendsUndyingupdated\LegendsUndying\RayLibWithGUI\Game.cpp(475,41): warning C4244: '-=': conversion from 'double' to 'float', possible loss of data
E:\LegendsUndying\LegendsUndyingupdated\LegendsUndyingupdated\LegendsUndying\RayLibWithGUI\Game.cpp(476,23): warning C4244: '+=': conversion from 'double' to 'float', possible loss of data
E:\LegendsUndying\LegendsUndyingupdated\LegendsUndyingupdated\LegendsUndying\RayLibWithGUI\Game.cpp(478,41): warning C4244: '-=': conversion from 'double' to 'float', possible loss of data
E:\LegendsUndying\LegendsUndyingupdated\LegendsUndyingupdated\LegendsUndying\RayLibWithGUI\Game.cpp(479,23): warning C4244: '+=': conversion from 'double' to 'float', possible loss of data
E:\LegendsUndying\LegendsUndyingupdated\LegendsUndyingupdated\LegendsUndying\RayLibWithGUI\Game.cpp(625,68): warning C4267: 'argument': conversion from 'size_t' to 'int', possible loss of data
  HealthPotion.cpp
E:\LegendsUndying\LegendsUndyingupdated\LegendsUndyingupdated\LegendsUndying\RayLibWithGUI\Entity.h(44,17): warning C4305: 'initializing': truncation from 'double' to 'float'
  Inventory.cpp
E:\LegendsUndying\LegendsUndyingupdated\LegendsUndyingupdated\LegendsUndying\RayLibWithGUI\Entity.h(44,17): warning C4305: 'initializing': truncation from 'double' to 'float'
E:\LegendsUndying\LegendsUndyingupdated\LegendsUndyingupdated\LegendsUndying\RayLibWithGUI\Inventory.cpp(13,30): warning C4244: 'argument': conversion from 'int' to 'float', possible loss of data
E:\LegendsUndying\LegendsUndyingupdated\LegendsUndyingupdated\LegendsUndying\RayLibWithGUI\Inventory.cpp(22,23): warning C4244: 'argument': conversion from 'int' to 'float', possible loss of data
  InventorySlot.cpp
E:\LegendsUndying\LegendsUndyingupdated\LegendsUndyingupdated\LegendsUndying\RayLibWithGUI\Entity.h(44,17): warning C4305: 'initializing': truncation from 'double' to 'float'
  Item.cpp
E:\LegendsUndying\LegendsUndyingupdated\LegendsUndyingupdated\LegendsUndying\RayLibWithGUI\Entity.h(44,17): warning C4305: 'initializing': truncation from 'double' to 'float'
  main.cpp
E:\LegendsUndying\LegendsUndyingupdated\LegendsUndyingupdated\LegendsUndying\RayLibWithGUI\Entity.h(44,17): warning C4305: 'initializing': truncation from 'double' to 'float'
  Player.cpp
E:\LegendsUndying\LegendsUndyingupdated\LegendsUndyingupdated\LegendsUndying\RayLibWithGUI\Entity.h(44,17): warning C4305: 'initializing': truncation from 'double' to 'float'
  Projectile.cpp
E:\LegendsUndying\LegendsUndyingupdated\LegendsUndyingupdated\LegendsUndying\RayLibWithGUI\Entity.h(44,17): warning C4305: 'initializing': truncation from 'double' to 'float'
E:\LegendsUndying\LegendsUndyingupdated\LegendsUndyingupdated\LegendsUndying\RayLibWithGUI\Projectile.cpp(24,42): warning C4244: 'argument': conversion from 'float' to 'int', possible loss of data
E:\LegendsUndying\LegendsUndyingupdated\LegendsUndyingupdated\LegendsUndying\RayLibWithGUI\Projectile.cpp(24,30): warning C4244: 'argument': conversion from 'float' to 'int', possible loss of data
  Weapon.cpp
  Generating Code...
E:\LegendsUndying\LegendsUndyingupdated\LegendsUndyingupdated\LegendsUndying\RayLibWithGUI\Game.cpp(471): warning C4715: 'Game::OnCollision': not all control paths return a value
LINK : warning LNK4098: defaultlib 'MSVCRT' conflicts with use of other libs; use /NODEFAULTLIB:library
  ExampleProjectGUI.vcxproj -> E:\LegendsUndying\LegendsUndyingupdated\LegendsUndyingupdated\LegendsUndying\x64\Debug\ExampleProjectGUI.exe
